{"/Users/mike/Projects/valtio-fsm/src/createMachine.ts": {"path":"/Users/mike/Projects/valtio-fsm/src/createMachine.ts","all":false,"statementMap":{"0":{"start":{"line":1,"column":0},"end":{"line":1,"column":42}},"1":{"start":{"line":2,"column":0},"end":{"line":2,"column":41}},"11":{"start":{"line":12,"column":0},"end":{"line":12,"column":23}},"15":{"start":{"line":16,"column":0},"end":{"line":16,"column":22}},"16":{"start":{"line":17,"column":0},"end":{"line":17,"column":44}},"17":{"start":{"line":18,"column":0},"end":{"line":18,"column":43}},"18":{"start":{"line":19,"column":0},"end":{"line":19,"column":38}},"19":{"start":{"line":20,"column":0},"end":{"line":20,"column":47}},"22":{"start":{"line":23,"column":0},"end":{"line":23,"column":56}},"26":{"start":{"line":27,"column":0},"end":{"line":27,"column":82}},"29":{"start":{"line":30,"column":0},"end":{"line":30,"column":76}},"36":{"start":{"line":37,"column":0},"end":{"line":37,"column":22}},"42":{"start":{"line":43,"column":0},"end":{"line":43,"column":5}},"43":{"start":{"line":44,"column":0},"end":{"line":44,"column":22}},"44":{"start":{"line":45,"column":0},"end":{"line":45,"column":44}},"45":{"start":{"line":46,"column":0},"end":{"line":46,"column":14}},"46":{"start":{"line":47,"column":0},"end":{"line":47,"column":32}},"47":{"start":{"line":48,"column":0},"end":{"line":48,"column":27}},"48":{"start":{"line":49,"column":0},"end":{"line":49,"column":4}},"51":{"start":{"line":52,"column":0},"end":{"line":52,"column":26}},"52":{"start":{"line":53,"column":0},"end":{"line":53,"column":31}},"54":{"start":{"line":55,"column":0},"end":{"line":55,"column":6}},"55":{"start":{"line":56,"column":0},"end":{"line":56,"column":70}},"56":{"start":{"line":57,"column":0},"end":{"line":57,"column":28}},"61":{"start":{"line":62,"column":0},"end":{"line":62,"column":6}},"62":{"start":{"line":63,"column":0},"end":{"line":63,"column":76}},"63":{"start":{"line":64,"column":0},"end":{"line":64,"column":67}},"64":{"start":{"line":65,"column":0},"end":{"line":65,"column":74}},"65":{"start":{"line":66,"column":0},"end":{"line":66,"column":3}},"68":{"start":{"line":69,"column":0},"end":{"line":69,"column":20}},"69":{"start":{"line":70,"column":0},"end":{"line":70,"column":56}},"70":{"start":{"line":71,"column":0},"end":{"line":71,"column":2}},"73":{"start":{"line":74,"column":0},"end":{"line":74,"column":59}},"75":{"start":{"line":76,"column":0},"end":{"line":76,"column":17}},"76":{"start":{"line":77,"column":0},"end":{"line":77,"column":22}},"77":{"start":{"line":78,"column":0},"end":{"line":78,"column":4}},"79":{"start":{"line":80,"column":0},"end":{"line":80,"column":17}},"80":{"start":{"line":81,"column":0},"end":{"line":81,"column":24}},"81":{"start":{"line":82,"column":0},"end":{"line":82,"column":4}},"84":{"start":{"line":85,"column":0},"end":{"line":85,"column":14}},"85":{"start":{"line":86,"column":0},"end":{"line":86,"column":16}},"86":{"start":{"line":87,"column":0},"end":{"line":87,"column":4}},"89":{"start":{"line":90,"column":0},"end":{"line":90,"column":31}},"91":{"start":{"line":92,"column":0},"end":{"line":92,"column":27}},"92":{"start":{"line":93,"column":0},"end":{"line":93,"column":55}},"93":{"start":{"line":94,"column":0},"end":{"line":94,"column":43}},"94":{"start":{"line":95,"column":0},"end":{"line":95,"column":71}},"95":{"start":{"line":96,"column":0},"end":{"line":96,"column":16}},"96":{"start":{"line":97,"column":0},"end":{"line":97,"column":4}},"99":{"start":{"line":100,"column":0},"end":{"line":100,"column":37}},"102":{"start":{"line":103,"column":0},"end":{"line":103,"column":62}},"103":{"start":{"line":104,"column":0},"end":{"line":104,"column":54}},"106":{"start":{"line":107,"column":0},"end":{"line":107,"column":30}},"107":{"start":{"line":108,"column":0},"end":{"line":108,"column":28}},"108":{"start":{"line":109,"column":0},"end":{"line":109,"column":25}},"109":{"start":{"line":110,"column":0},"end":{"line":110,"column":15}},"110":{"start":{"line":111,"column":0},"end":{"line":111,"column":27}},"111":{"start":{"line":112,"column":0},"end":{"line":112,"column":13}},"112":{"start":{"line":113,"column":0},"end":{"line":113,"column":6}},"113":{"start":{"line":114,"column":0},"end":{"line":114,"column":39}},"116":{"start":{"line":117,"column":0},"end":{"line":117,"column":51}},"117":{"start":{"line":118,"column":0},"end":{"line":118,"column":50}},"118":{"start":{"line":119,"column":0},"end":{"line":119,"column":5}},"119":{"start":{"line":120,"column":0},"end":{"line":120,"column":4}},"122":{"start":{"line":123,"column":0},"end":{"line":123,"column":23}},"125":{"start":{"line":126,"column":0},"end":{"line":126,"column":54}},"126":{"start":{"line":127,"column":0},"end":{"line":127,"column":65}},"127":{"start":{"line":128,"column":0},"end":{"line":128,"column":45}},"128":{"start":{"line":129,"column":0},"end":{"line":129,"column":5}},"129":{"start":{"line":130,"column":0},"end":{"line":130,"column":4}},"132":{"start":{"line":133,"column":0},"end":{"line":133,"column":58}},"133":{"start":{"line":134,"column":0},"end":{"line":134,"column":56}},"136":{"start":{"line":137,"column":0},"end":{"line":137,"column":63}},"137":{"start":{"line":138,"column":0},"end":{"line":138,"column":19}},"138":{"start":{"line":139,"column":0},"end":{"line":139,"column":39}},"139":{"start":{"line":140,"column":0},"end":{"line":140,"column":29}},"140":{"start":{"line":141,"column":0},"end":{"line":141,"column":5}},"141":{"start":{"line":142,"column":0},"end":{"line":142,"column":4}},"143":{"start":{"line":144,"column":0},"end":{"line":144,"column":15}},"144":{"start":{"line":145,"column":0},"end":{"line":145,"column":4}},"147":{"start":{"line":148,"column":0},"end":{"line":148,"column":18}},"149":{"start":{"line":150,"column":0},"end":{"line":150,"column":58}},"151":{"start":{"line":152,"column":0},"end":{"line":152,"column":15}},"152":{"start":{"line":153,"column":0},"end":{"line":153,"column":4}},"155":{"start":{"line":156,"column":0},"end":{"line":156,"column":15}},"156":{"start":{"line":157,"column":0},"end":{"line":157,"column":32}},"157":{"start":{"line":158,"column":0},"end":{"line":158,"column":4}},"160":{"start":{"line":161,"column":0},"end":{"line":161,"column":20}},"161":{"start":{"line":162,"column":0},"end":{"line":162,"column":27}},"162":{"start":{"line":163,"column":0},"end":{"line":163,"column":55}},"163":{"start":{"line":164,"column":0},"end":{"line":164,"column":43}},"164":{"start":{"line":165,"column":0},"end":{"line":165,"column":4}},"167":{"start":{"line":168,"column":0},"end":{"line":168,"column":26}},"168":{"start":{"line":169,"column":0},"end":{"line":169,"column":53}},"169":{"start":{"line":170,"column":0},"end":{"line":170,"column":15}},"170":{"start":{"line":171,"column":0},"end":{"line":171,"column":4}},"173":{"start":{"line":174,"column":0},"end":{"line":174,"column":27}},"175":{"start":{"line":176,"column":0},"end":{"line":176,"column":52}},"176":{"start":{"line":177,"column":0},"end":{"line":177,"column":57}},"177":{"start":{"line":178,"column":0},"end":{"line":178,"column":4}},"179":{"start":{"line":180,"column":0},"end":{"line":180,"column":63}},"180":{"start":{"line":181,"column":0},"end":{"line":181,"column":19}},"181":{"start":{"line":182,"column":0},"end":{"line":182,"column":28}},"182":{"start":{"line":183,"column":0},"end":{"line":183,"column":4}},"185":{"start":{"line":186,"column":0},"end":{"line":186,"column":31}},"186":{"start":{"line":187,"column":0},"end":{"line":187,"column":28}},"187":{"start":{"line":188,"column":0},"end":{"line":188,"column":4}},"189":{"start":{"line":190,"column":0},"end":{"line":190,"column":15}},"190":{"start":{"line":191,"column":0},"end":{"line":191,"column":4}},"193":{"start":{"line":194,"column":0},"end":{"line":194,"column":29}},"194":{"start":{"line":195,"column":0},"end":{"line":195,"column":50}},"197":{"start":{"line":198,"column":0},"end":{"line":198,"column":49}},"198":{"start":{"line":199,"column":0},"end":{"line":199,"column":70}},"199":{"start":{"line":200,"column":0},"end":{"line":200,"column":20}},"203":{"start":{"line":204,"column":0},"end":{"line":204,"column":13}},"206":{"start":{"line":207,"column":0},"end":{"line":207,"column":29}},"207":{"start":{"line":208,"column":0},"end":{"line":208,"column":37}},"208":{"start":{"line":209,"column":0},"end":{"line":209,"column":61}},"209":{"start":{"line":210,"column":0},"end":{"line":210,"column":7}},"211":{"start":{"line":212,"column":0},"end":{"line":212,"column":32}},"212":{"start":{"line":213,"column":0},"end":{"line":213,"column":47}},"213":{"start":{"line":214,"column":0},"end":{"line":214,"column":72}},"216":{"start":{"line":217,"column":0},"end":{"line":217,"column":74}},"217":{"start":{"line":218,"column":0},"end":{"line":218,"column":20}},"218":{"start":{"line":219,"column":0},"end":{"line":219,"column":11}},"219":{"start":{"line":220,"column":0},"end":{"line":220,"column":27}},"220":{"start":{"line":221,"column":0},"end":{"line":221,"column":21}},"221":{"start":{"line":222,"column":0},"end":{"line":222,"column":9}},"222":{"start":{"line":223,"column":0},"end":{"line":223,"column":6}},"223":{"start":{"line":224,"column":0},"end":{"line":224,"column":5}},"226":{"start":{"line":227,"column":0},"end":{"line":227,"column":29}},"228":{"start":{"line":229,"column":0},"end":{"line":229,"column":70}},"229":{"start":{"line":230,"column":0},"end":{"line":230,"column":46}},"230":{"start":{"line":231,"column":0},"end":{"line":231,"column":6}},"233":{"start":{"line":234,"column":0},"end":{"line":234,"column":63}},"234":{"start":{"line":235,"column":0},"end":{"line":235,"column":5}},"235":{"start":{"line":236,"column":0},"end":{"line":236,"column":6}},"237":{"start":{"line":238,"column":0},"end":{"line":238,"column":16}},"238":{"start":{"line":239,"column":0},"end":{"line":239,"column":4}},"241":{"start":{"line":242,"column":0},"end":{"line":242,"column":16}},"242":{"start":{"line":243,"column":0},"end":{"line":243,"column":57}},"243":{"start":{"line":244,"column":0},"end":{"line":244,"column":4}},"246":{"start":{"line":247,"column":0},"end":{"line":247,"column":18}},"247":{"start":{"line":248,"column":0},"end":{"line":248,"column":30}},"248":{"start":{"line":249,"column":0},"end":{"line":249,"column":23}},"249":{"start":{"line":250,"column":0},"end":{"line":250,"column":4}},"250":{"start":{"line":251,"column":0},"end":{"line":251,"column":15}},"251":{"start":{"line":252,"column":0},"end":{"line":252,"column":4}},"254":{"start":{"line":255,"column":0},"end":{"line":255,"column":32}},"255":{"start":{"line":256,"column":0},"end":{"line":256,"column":33}},"256":{"start":{"line":257,"column":0},"end":{"line":257,"column":17}},"257":{"start":{"line":258,"column":0},"end":{"line":258,"column":55}},"258":{"start":{"line":259,"column":0},"end":{"line":259,"column":4}},"259":{"start":{"line":260,"column":0},"end":{"line":260,"column":15}},"260":{"start":{"line":261,"column":0},"end":{"line":261,"column":4}},"263":{"start":{"line":264,"column":0},"end":{"line":264,"column":24}},"264":{"start":{"line":265,"column":0},"end":{"line":265,"column":28}},"266":{"start":{"line":267,"column":0},"end":{"line":267,"column":37}},"267":{"start":{"line":268,"column":0},"end":{"line":268,"column":47}},"268":{"start":{"line":269,"column":0},"end":{"line":269,"column":4}},"269":{"start":{"line":270,"column":0},"end":{"line":270,"column":15}},"270":{"start":{"line":271,"column":0},"end":{"line":271,"column":4}},"273":{"start":{"line":274,"column":0},"end":{"line":274,"column":38}},"274":{"start":{"line":275,"column":0},"end":{"line":275,"column":36}},"275":{"start":{"line":276,"column":0},"end":{"line":276,"column":52}},"276":{"start":{"line":277,"column":0},"end":{"line":277,"column":4}},"278":{"start":{"line":279,"column":0},"end":{"line":279,"column":60}},"279":{"start":{"line":280,"column":0},"end":{"line":280,"column":15}},"280":{"start":{"line":281,"column":0},"end":{"line":281,"column":4}},"283":{"start":{"line":284,"column":0},"end":{"line":284,"column":36}},"284":{"start":{"line":285,"column":0},"end":{"line":285,"column":36}},"285":{"start":{"line":286,"column":0},"end":{"line":286,"column":52}},"286":{"start":{"line":287,"column":0},"end":{"line":287,"column":4}},"288":{"start":{"line":289,"column":0},"end":{"line":289,"column":48}},"289":{"start":{"line":290,"column":0},"end":{"line":290,"column":47}},"290":{"start":{"line":291,"column":0},"end":{"line":291,"column":4}},"292":{"start":{"line":293,"column":0},"end":{"line":293,"column":69}},"293":{"start":{"line":294,"column":0},"end":{"line":294,"column":59}},"294":{"start":{"line":295,"column":0},"end":{"line":295,"column":4}},"296":{"start":{"line":297,"column":0},"end":{"line":297,"column":15}},"297":{"start":{"line":298,"column":0},"end":{"line":298,"column":4}},"300":{"start":{"line":301,"column":0},"end":{"line":301,"column":39}},"301":{"start":{"line":302,"column":0},"end":{"line":302,"column":7}},"302":{"start":{"line":303,"column":0},"end":{"line":303,"column":33}},"303":{"start":{"line":304,"column":0},"end":{"line":304,"column":42}},"304":{"start":{"line":305,"column":0},"end":{"line":305,"column":6}},"305":{"start":{"line":306,"column":0},"end":{"line":306,"column":16}},"306":{"start":{"line":307,"column":0},"end":{"line":307,"column":4}},"308":{"start":{"line":309,"column":0},"end":{"line":309,"column":62}},"309":{"start":{"line":310,"column":0},"end":{"line":310,"column":9}},"310":{"start":{"line":311,"column":0},"end":{"line":311,"column":49}},"312":{"start":{"line":313,"column":0},"end":{"line":313,"column":15}},"313":{"start":{"line":314,"column":0},"end":{"line":314,"column":4}},"316":{"start":{"line":317,"column":0},"end":{"line":317,"column":36}},"317":{"start":{"line":318,"column":0},"end":{"line":318,"column":36}},"318":{"start":{"line":319,"column":0},"end":{"line":319,"column":52}},"319":{"start":{"line":320,"column":0},"end":{"line":320,"column":4}},"321":{"start":{"line":322,"column":0},"end":{"line":322,"column":45}},"322":{"start":{"line":323,"column":0},"end":{"line":323,"column":15}},"323":{"start":{"line":324,"column":0},"end":{"line":324,"column":4}},"325":{"start":{"line":326,"column":0},"end":{"line":326,"column":58}},"326":{"start":{"line":327,"column":0},"end":{"line":327,"column":51}},"327":{"start":{"line":328,"column":0},"end":{"line":328,"column":57}},"328":{"start":{"line":329,"column":0},"end":{"line":329,"column":4}},"330":{"start":{"line":331,"column":0},"end":{"line":331,"column":57}},"331":{"start":{"line":332,"column":0},"end":{"line":332,"column":15}},"332":{"start":{"line":333,"column":0},"end":{"line":333,"column":4}},"335":{"start":{"line":336,"column":0},"end":{"line":336,"column":60}},"336":{"start":{"line":337,"column":0},"end":{"line":337,"column":58}},"337":{"start":{"line":338,"column":0},"end":{"line":338,"column":64}},"338":{"start":{"line":339,"column":0},"end":{"line":339,"column":4}},"340":{"start":{"line":341,"column":0},"end":{"line":341,"column":64}},"341":{"start":{"line":342,"column":0},"end":{"line":342,"column":15}},"342":{"start":{"line":343,"column":0},"end":{"line":343,"column":4}},"345":{"start":{"line":346,"column":0},"end":{"line":346,"column":60}},"346":{"start":{"line":347,"column":0},"end":{"line":347,"column":18}},"348":{"start":{"line":349,"column":0},"end":{"line":349,"column":52}},"349":{"start":{"line":350,"column":0},"end":{"line":350,"column":59}},"350":{"start":{"line":351,"column":0},"end":{"line":351,"column":11}},"352":{"start":{"line":353,"column":0},"end":{"line":353,"column":62}},"353":{"start":{"line":354,"column":0},"end":{"line":354,"column":69}},"354":{"start":{"line":355,"column":0},"end":{"line":355,"column":4}},"355":{"start":{"line":356,"column":0},"end":{"line":356,"column":15}},"356":{"start":{"line":357,"column":0},"end":{"line":357,"column":4}},"359":{"start":{"line":360,"column":0},"end":{"line":360,"column":46}},"361":{"start":{"line":362,"column":0},"end":{"line":362,"column":50}},"362":{"start":{"line":363,"column":0},"end":{"line":363,"column":69}},"363":{"start":{"line":364,"column":0},"end":{"line":364,"column":37}},"364":{"start":{"line":365,"column":0},"end":{"line":365,"column":5}},"365":{"start":{"line":366,"column":0},"end":{"line":366,"column":4}},"368":{"start":{"line":369,"column":0},"end":{"line":369,"column":57}},"369":{"start":{"line":370,"column":0},"end":{"line":370,"column":32}},"370":{"start":{"line":371,"column":0},"end":{"line":371,"column":53}},"371":{"start":{"line":372,"column":0},"end":{"line":372,"column":6}},"373":{"start":{"line":374,"column":0},"end":{"line":374,"column":59}},"375":{"start":{"line":376,"column":0},"end":{"line":376,"column":37}},"376":{"start":{"line":377,"column":0},"end":{"line":377,"column":37}},"377":{"start":{"line":378,"column":0},"end":{"line":378,"column":5}},"378":{"start":{"line":379,"column":0},"end":{"line":379,"column":4}},"380":{"start":{"line":381,"column":0},"end":{"line":381,"column":15}},"381":{"start":{"line":382,"column":0},"end":{"line":382,"column":4}},"382":{"start":{"line":383,"column":0},"end":{"line":383,"column":3}},"384":{"start":{"line":385,"column":0},"end":{"line":385,"column":16}},"385":{"start":{"line":386,"column":0},"end":{"line":386,"column":2}},"387":{"start":{"line":388,"column":0},"end":{"line":388,"column":29}}},"s":{"0":1,"1":1,"11":1,"15":64,"16":64,"17":64,"18":64,"19":64,"22":64,"26":64,"29":64,"36":64,"42":64,"43":64,"44":64,"45":64,"46":64,"47":64,"48":64,"51":64,"52":64,"54":64,"55":64,"56":64,"61":64,"62":64,"63":64,"64":64,"65":64,"68":64,"69":0,"70":0,"73":64,"75":64,"76":11,"77":11,"79":64,"80":41,"81":41,"84":64,"85":37,"86":37,"89":64,"91":51,"92":51,"93":51,"94":2,"95":2,"96":2,"99":49,"102":49,"103":51,"106":51,"107":8,"108":8,"109":8,"110":8,"111":8,"112":8,"113":8,"116":8,"117":1,"118":1,"119":8,"122":49,"125":51,"126":1,"127":1,"128":1,"129":1,"132":49,"133":51,"136":49,"137":51,"138":1,"139":1,"140":1,"141":1,"143":49,"144":51,"147":64,"149":7,"151":7,"152":7,"155":64,"156":4,"157":4,"160":64,"161":20,"162":20,"163":20,"164":20,"167":64,"168":1,"169":1,"170":1,"173":64,"175":1,"176":1,"177":1,"179":1,"180":1,"181":1,"182":1,"185":1,"186":0,"187":0,"189":1,"190":1,"193":64,"194":14,"197":14,"198":17,"199":17,"203":17,"206":17,"207":17,"208":17,"209":17,"211":17,"212":49,"213":49,"216":49,"217":19,"218":19,"219":19,"220":19,"221":19,"222":19,"223":49,"226":17,"228":14,"229":17,"230":17,"233":14,"234":14,"235":14,"237":14,"238":14,"241":64,"242":6,"243":6,"246":64,"247":1,"248":1,"249":1,"250":1,"251":1,"254":64,"255":2,"256":2,"257":1,"258":1,"259":2,"260":2,"263":64,"264":1,"266":1,"267":0,"268":0,"269":1,"270":1,"273":64,"274":3,"275":0,"276":0,"278":3,"279":3,"280":3,"283":64,"284":6,"285":2,"286":2,"288":6,"289":0,"290":0,"292":6,"293":5,"294":5,"296":6,"297":6,"300":64,"301":6,"302":6,"303":5,"304":6,"305":1,"306":1,"308":5,"309":5,"310":5,"312":5,"313":6,"316":64,"317":22,"318":1,"319":1,"321":22,"322":22,"323":22,"325":64,"326":16,"327":12,"328":12,"330":16,"331":16,"332":16,"335":64,"336":2,"337":2,"338":2,"340":2,"341":2,"342":2,"345":64,"346":4,"348":2,"349":2,"350":2,"352":2,"353":2,"354":2,"355":4,"356":4,"359":64,"361":20,"362":16,"363":17,"364":17,"365":16,"368":20,"369":2,"370":2,"371":2,"373":2,"375":2,"376":2,"377":2,"378":2,"380":20,"381":20,"382":64,"384":64,"385":64,"387":1},"branchMap":{"0":{"type":"branch","line":12,"loc":{"start":{"line":12,"column":22},"end":{"line":386,"column":2}},"locations":[{"start":{"line":12,"column":22},"end":{"line":386,"column":2}}]},"1":{"type":"branch","line":69,"loc":{"start":{"line":69,"column":19},"end":{"line":71,"column":2}},"locations":[{"start":{"line":69,"column":19},"end":{"line":71,"column":2}}]},"2":{"type":"branch","line":76,"loc":{"start":{"line":76,"column":2},"end":{"line":78,"column":4}},"locations":[{"start":{"line":76,"column":2},"end":{"line":78,"column":4}}]},"3":{"type":"branch","line":80,"loc":{"start":{"line":80,"column":2},"end":{"line":82,"column":4}},"locations":[{"start":{"line":80,"column":2},"end":{"line":82,"column":4}}]},"4":{"type":"branch","line":85,"loc":{"start":{"line":85,"column":2},"end":{"line":87,"column":4}},"locations":[{"start":{"line":85,"column":2},"end":{"line":87,"column":4}}]},"5":{"type":"branch","line":90,"loc":{"start":{"line":90,"column":2},"end":{"line":145,"column":4}},"locations":[{"start":{"line":90,"column":2},"end":{"line":145,"column":4}}]},"6":{"type":"branch","line":93,"loc":{"start":{"line":93,"column":34},"end":{"line":93,"column":52}},"locations":[{"start":{"line":93,"column":34},"end":{"line":93,"column":52}}]},"7":{"type":"branch","line":93,"loc":{"start":{"line":93,"column":37},"end":{"line":93,"column":55}},"locations":[{"start":{"line":93,"column":37},"end":{"line":93,"column":55}}]},"8":{"type":"branch","line":94,"loc":{"start":{"line":94,"column":42},"end":{"line":97,"column":4}},"locations":[{"start":{"line":94,"column":42},"end":{"line":97,"column":4}}]},"9":{"type":"branch","line":97,"loc":{"start":{"line":97,"column":3},"end":{"line":103,"column":62}},"locations":[{"start":{"line":97,"column":3},"end":{"line":103,"column":62}}]},"10":{"type":"branch","line":104,"loc":{"start":{"line":104,"column":19},"end":{"line":104,"column":54}},"locations":[{"start":{"line":104,"column":19},"end":{"line":104,"column":54}}]},"11":{"type":"branch","line":104,"loc":{"start":{"line":104,"column":52},"end":{"line":107,"column":29}},"locations":[{"start":{"line":104,"column":52},"end":{"line":107,"column":29}}]},"12":{"type":"branch","line":107,"loc":{"start":{"line":107,"column":29},"end":{"line":120,"column":4}},"locations":[{"start":{"line":107,"column":29},"end":{"line":120,"column":4}}]},"13":{"type":"branch","line":117,"loc":{"start":{"line":117,"column":50},"end":{"line":119,"column":5}},"locations":[{"start":{"line":117,"column":50},"end":{"line":119,"column":5}}]},"14":{"type":"branch","line":120,"loc":{"start":{"line":120,"column":3},"end":{"line":126,"column":53}},"locations":[{"start":{"line":120,"column":3},"end":{"line":126,"column":53}}]},"15":{"type":"branch","line":126,"loc":{"start":{"line":126,"column":53},"end":{"line":130,"column":4}},"locations":[{"start":{"line":126,"column":53},"end":{"line":130,"column":4}}]},"16":{"type":"branch","line":130,"loc":{"start":{"line":130,"column":3},"end":{"line":133,"column":58}},"locations":[{"start":{"line":130,"column":3},"end":{"line":133,"column":58}}]},"17":{"type":"branch","line":134,"loc":{"start":{"line":134,"column":20},"end":{"line":134,"column":56}},"locations":[{"start":{"line":134,"column":20},"end":{"line":134,"column":56}}]},"18":{"type":"branch","line":134,"loc":{"start":{"line":134,"column":54},"end":{"line":138,"column":18}},"locations":[{"start":{"line":134,"column":54},"end":{"line":138,"column":18}}]},"19":{"type":"branch","line":138,"loc":{"start":{"line":138,"column":18},"end":{"line":142,"column":4}},"locations":[{"start":{"line":138,"column":18},"end":{"line":142,"column":4}}]},"20":{"type":"branch","line":142,"loc":{"start":{"line":142,"column":3},"end":{"line":144,"column":15}},"locations":[{"start":{"line":142,"column":3},"end":{"line":144,"column":15}}]},"21":{"type":"branch","line":148,"loc":{"start":{"line":148,"column":2},"end":{"line":153,"column":4}},"locations":[{"start":{"line":148,"column":2},"end":{"line":153,"column":4}}]},"22":{"type":"branch","line":156,"loc":{"start":{"line":156,"column":2},"end":{"line":158,"column":4}},"locations":[{"start":{"line":156,"column":2},"end":{"line":158,"column":4}}]},"23":{"type":"branch","line":161,"loc":{"start":{"line":161,"column":2},"end":{"line":165,"column":4}},"locations":[{"start":{"line":161,"column":2},"end":{"line":165,"column":4}}]},"24":{"type":"branch","line":163,"loc":{"start":{"line":163,"column":37},"end":{"line":163,"column":55}},"locations":[{"start":{"line":163,"column":37},"end":{"line":163,"column":55}}]},"25":{"type":"branch","line":168,"loc":{"start":{"line":168,"column":2},"end":{"line":171,"column":4}},"locations":[{"start":{"line":168,"column":2},"end":{"line":171,"column":4}}]},"26":{"type":"branch","line":174,"loc":{"start":{"line":174,"column":2},"end":{"line":191,"column":4}},"locations":[{"start":{"line":174,"column":2},"end":{"line":191,"column":4}}]},"27":{"type":"branch","line":186,"loc":{"start":{"line":186,"column":30},"end":{"line":188,"column":4}},"locations":[{"start":{"line":186,"column":30},"end":{"line":188,"column":4}}]},"28":{"type":"branch","line":194,"loc":{"start":{"line":194,"column":2},"end":{"line":239,"column":4}},"locations":[{"start":{"line":194,"column":2},"end":{"line":239,"column":4}}]},"29":{"type":"branch","line":198,"loc":{"start":{"line":198,"column":42},"end":{"line":236,"column":4}},"locations":[{"start":{"line":198,"column":42},"end":{"line":236,"column":4}}]},"30":{"type":"branch","line":212,"loc":{"start":{"line":212,"column":31},"end":{"line":224,"column":5}},"locations":[{"start":{"line":212,"column":31},"end":{"line":224,"column":5}}]},"31":{"type":"branch","line":217,"loc":{"start":{"line":217,"column":73},"end":{"line":223,"column":6}},"locations":[{"start":{"line":217,"column":73},"end":{"line":223,"column":6}}]},"32":{"type":"branch","line":227,"loc":{"start":{"line":227,"column":28},"end":{"line":235,"column":5}},"locations":[{"start":{"line":227,"column":28},"end":{"line":235,"column":5}}]},"33":{"type":"branch","line":229,"loc":{"start":{"line":229,"column":69},"end":{"line":231,"column":6}},"locations":[{"start":{"line":229,"column":69},"end":{"line":231,"column":6}}]},"34":{"type":"branch","line":242,"loc":{"start":{"line":242,"column":2},"end":{"line":244,"column":4}},"locations":[{"start":{"line":242,"column":2},"end":{"line":244,"column":4}}]},"35":{"type":"branch","line":243,"loc":{"start":{"line":243,"column":16},"end":{"line":243,"column":54}},"locations":[{"start":{"line":243,"column":16},"end":{"line":243,"column":54}}]},"36":{"type":"branch","line":243,"loc":{"start":{"line":243,"column":50},"end":{"line":243,"column":57}},"locations":[{"start":{"line":243,"column":50},"end":{"line":243,"column":57}}]},"37":{"type":"branch","line":247,"loc":{"start":{"line":247,"column":2},"end":{"line":252,"column":4}},"locations":[{"start":{"line":247,"column":2},"end":{"line":252,"column":4}}]},"38":{"type":"branch","line":255,"loc":{"start":{"line":255,"column":2},"end":{"line":261,"column":4}},"locations":[{"start":{"line":255,"column":2},"end":{"line":261,"column":4}}]},"39":{"type":"branch","line":257,"loc":{"start":{"line":257,"column":16},"end":{"line":259,"column":4}},"locations":[{"start":{"line":257,"column":16},"end":{"line":259,"column":4}}]},"40":{"type":"branch","line":264,"loc":{"start":{"line":264,"column":2},"end":{"line":271,"column":4}},"locations":[{"start":{"line":264,"column":2},"end":{"line":271,"column":4}}]},"41":{"type":"branch","line":267,"loc":{"start":{"line":267,"column":36},"end":{"line":269,"column":4}},"locations":[{"start":{"line":267,"column":36},"end":{"line":269,"column":4}}]},"42":{"type":"branch","line":274,"loc":{"start":{"line":274,"column":2},"end":{"line":281,"column":4}},"locations":[{"start":{"line":274,"column":2},"end":{"line":281,"column":4}}]},"43":{"type":"branch","line":275,"loc":{"start":{"line":275,"column":35},"end":{"line":277,"column":4}},"locations":[{"start":{"line":275,"column":35},"end":{"line":277,"column":4}}]},"44":{"type":"branch","line":284,"loc":{"start":{"line":284,"column":2},"end":{"line":298,"column":4}},"locations":[{"start":{"line":284,"column":2},"end":{"line":298,"column":4}}]},"45":{"type":"branch","line":285,"loc":{"start":{"line":285,"column":35},"end":{"line":287,"column":4}},"locations":[{"start":{"line":285,"column":35},"end":{"line":287,"column":4}}]},"46":{"type":"branch","line":289,"loc":{"start":{"line":289,"column":47},"end":{"line":291,"column":4}},"locations":[{"start":{"line":289,"column":47},"end":{"line":291,"column":4}}]},"47":{"type":"branch","line":293,"loc":{"start":{"line":293,"column":68},"end":{"line":295,"column":4}},"locations":[{"start":{"line":293,"column":68},"end":{"line":295,"column":4}}]},"48":{"type":"branch","line":301,"loc":{"start":{"line":301,"column":2},"end":{"line":314,"column":4}},"locations":[{"start":{"line":301,"column":2},"end":{"line":314,"column":4}}]},"49":{"type":"branch","line":303,"loc":{"start":{"line":303,"column":29},"end":{"line":304,"column":42}},"locations":[{"start":{"line":303,"column":29},"end":{"line":304,"column":42}}]},"50":{"type":"branch","line":305,"loc":{"start":{"line":305,"column":5},"end":{"line":307,"column":4}},"locations":[{"start":{"line":305,"column":5},"end":{"line":307,"column":4}}]},"51":{"type":"branch","line":307,"loc":{"start":{"line":307,"column":3},"end":{"line":313,"column":15}},"locations":[{"start":{"line":307,"column":3},"end":{"line":313,"column":15}}]},"52":{"type":"branch","line":311,"loc":{"start":{"line":311,"column":24},"end":{"line":311,"column":47}},"locations":[{"start":{"line":311,"column":24},"end":{"line":311,"column":47}}]},"53":{"type":"branch","line":317,"loc":{"start":{"line":317,"column":2},"end":{"line":324,"column":4}},"locations":[{"start":{"line":317,"column":2},"end":{"line":324,"column":4}}]},"54":{"type":"branch","line":318,"loc":{"start":{"line":318,"column":35},"end":{"line":320,"column":4}},"locations":[{"start":{"line":318,"column":35},"end":{"line":320,"column":4}}]},"55":{"type":"branch","line":326,"loc":{"start":{"line":326,"column":2},"end":{"line":333,"column":4}},"locations":[{"start":{"line":326,"column":2},"end":{"line":333,"column":4}}]},"56":{"type":"branch","line":327,"loc":{"start":{"line":327,"column":50},"end":{"line":329,"column":4}},"locations":[{"start":{"line":327,"column":50},"end":{"line":329,"column":4}}]},"57":{"type":"branch","line":336,"loc":{"start":{"line":336,"column":2},"end":{"line":343,"column":4}},"locations":[{"start":{"line":336,"column":2},"end":{"line":343,"column":4}}]},"58":{"type":"branch","line":346,"loc":{"start":{"line":346,"column":2},"end":{"line":357,"column":4}},"locations":[{"start":{"line":346,"column":2},"end":{"line":357,"column":4}}]},"59":{"type":"branch","line":347,"loc":{"start":{"line":347,"column":17},"end":{"line":355,"column":4}},"locations":[{"start":{"line":347,"column":17},"end":{"line":355,"column":4}}]},"60":{"type":"branch","line":354,"loc":{"start":{"line":354,"column":50},"end":{"line":354,"column":60}},"locations":[{"start":{"line":354,"column":50},"end":{"line":354,"column":60}}]},"61":{"type":"branch","line":360,"loc":{"start":{"line":360,"column":2},"end":{"line":382,"column":4}},"locations":[{"start":{"line":360,"column":2},"end":{"line":382,"column":4}}]},"62":{"type":"branch","line":362,"loc":{"start":{"line":362,"column":49},"end":{"line":366,"column":4}},"locations":[{"start":{"line":362,"column":49},"end":{"line":366,"column":4}}]},"63":{"type":"branch","line":363,"loc":{"start":{"line":363,"column":68},"end":{"line":365,"column":5}},"locations":[{"start":{"line":363,"column":68},"end":{"line":365,"column":5}}]},"64":{"type":"branch","line":369,"loc":{"start":{"line":369,"column":56},"end":{"line":379,"column":4}},"locations":[{"start":{"line":369,"column":56},"end":{"line":379,"column":4}}]}},"b":{"0":[64],"1":[0],"2":[11],"3":[41],"4":[37],"5":[51],"6":[50],"7":[1],"8":[2],"9":[49],"10":[12],"11":[49],"12":[8],"13":[1],"14":[49],"15":[1],"16":[49],"17":[20],"18":[49],"19":[1],"20":[49],"21":[7],"22":[4],"23":[20],"24":[0],"25":[1],"26":[1],"27":[0],"28":[14],"29":[17],"30":[49],"31":[19],"32":[14],"33":[17],"34":[6],"35":[5],"36":[1],"37":[1],"38":[2],"39":[1],"40":[1],"41":[0],"42":[3],"43":[0],"44":[6],"45":[2],"46":[0],"47":[5],"48":[6],"49":[5],"50":[1],"51":[5],"52":[8],"53":[22],"54":[1],"55":[16],"56":[12],"57":[2],"58":[4],"59":[2],"60":[0],"61":[20],"62":[16],"63":[17],"64":[2]},"fnMap":{"0":{"name":"createMachine","decl":{"start":{"line":12,"column":22},"end":{"line":386,"column":2}},"loc":{"start":{"line":12,"column":22},"end":{"line":386,"column":2}},"line":12},"1":{"name":"get current","decl":{"start":{"line":76,"column":2},"end":{"line":78,"column":4}},"loc":{"start":{"line":76,"column":2},"end":{"line":78,"column":4}},"line":76},"2":{"name":"get context","decl":{"start":{"line":80,"column":2},"end":{"line":82,"column":4}},"loc":{"start":{"line":80,"column":2},"end":{"line":82,"column":4}},"line":80},"3":{"name":"getStore","decl":{"start":{"line":85,"column":2},"end":{"line":87,"column":4}},"loc":{"start":{"line":85,"column":2},"end":{"line":87,"column":4}},"line":85},"4":{"name":"moveTo","decl":{"start":{"line":90,"column":2},"end":{"line":145,"column":4}},"loc":{"start":{"line":90,"column":2},"end":{"line":145,"column":4}},"line":90},"5":{"name":"resetContext","decl":{"start":{"line":148,"column":2},"end":{"line":153,"column":4}},"loc":{"start":{"line":148,"column":2},"end":{"line":153,"column":4}},"line":148},"6":{"name":"isIn","decl":{"start":{"line":156,"column":2},"end":{"line":158,"column":4}},"loc":{"start":{"line":156,"column":2},"end":{"line":158,"column":4}},"line":156},"7":{"name":"canMoveTo","decl":{"start":{"line":161,"column":2},"end":{"line":165,"column":4}},"loc":{"start":{"line":161,"column":2},"end":{"line":165,"column":4}},"line":161},"8":{"name":"onTransition","decl":{"start":{"line":168,"column":2},"end":{"line":171,"column":4}},"loc":{"start":{"line":168,"column":2},"end":{"line":171,"column":4}},"line":168},"9":{"name":"whenIn","decl":{"start":{"line":174,"column":2},"end":{"line":191,"column":4}},"loc":{"start":{"line":174,"column":2},"end":{"line":191,"column":4}},"line":174},"10":{"name":"onContextChange","decl":{"start":{"line":194,"column":2},"end":{"line":239,"column":4}},"loc":{"start":{"line":194,"column":2},"end":{"line":239,"column":4}},"line":194},"11":{"name":"getHistory","decl":{"start":{"line":242,"column":2},"end":{"line":244,"column":4}},"loc":{"start":{"line":242,"column":2},"end":{"line":244,"column":4}},"line":242},"12":{"name":"clearHistory","decl":{"start":{"line":247,"column":2},"end":{"line":252,"column":4}},"loc":{"start":{"line":247,"column":2},"end":{"line":252,"column":4}},"line":247},"13":{"name":"enableHistory","decl":{"start":{"line":255,"column":2},"end":{"line":261,"column":4}},"loc":{"start":{"line":255,"column":2},"end":{"line":261,"column":4}},"line":255},"14":{"name":"setHistorySize","decl":{"start":{"line":264,"column":2},"end":{"line":271,"column":4}},"loc":{"start":{"line":264,"column":2},"end":{"line":271,"column":4}},"line":264},"15":{"name":"setTransitions","decl":{"start":{"line":274,"column":2},"end":{"line":281,"column":4}},"loc":{"start":{"line":274,"column":2},"end":{"line":281,"column":4}},"line":274},"16":{"name":"addTransition","decl":{"start":{"line":284,"column":2},"end":{"line":298,"column":4}},"loc":{"start":{"line":284,"column":2},"end":{"line":298,"column":4}},"line":284},"17":{"name":"removeTransition","decl":{"start":{"line":301,"column":2},"end":{"line":314,"column":4}},"loc":{"start":{"line":301,"column":2},"end":{"line":314,"column":4}},"line":301},"18":{"name":"setHandler","decl":{"start":{"line":317,"column":2},"end":{"line":324,"column":4}},"loc":{"start":{"line":317,"column":2},"end":{"line":324,"column":4}},"line":317},"19":{"name":"on","decl":{"start":{"line":326,"column":2},"end":{"line":333,"column":4}},"loc":{"start":{"line":326,"column":2},"end":{"line":333,"column":4}},"line":326},"20":{"name":"once","decl":{"start":{"line":336,"column":2},"end":{"line":343,"column":4}},"loc":{"start":{"line":336,"column":2},"end":{"line":343,"column":4}},"line":336},"21":{"name":"off","decl":{"start":{"line":346,"column":2},"end":{"line":357,"column":4}},"loc":{"start":{"line":346,"column":2},"end":{"line":357,"column":4}},"line":346},"22":{"name":"fire","decl":{"start":{"line":360,"column":2},"end":{"line":382,"column":4}},"loc":{"start":{"line":360,"column":2},"end":{"line":382,"column":4}},"line":360}},"f":{"0":64,"1":11,"2":41,"3":37,"4":51,"5":7,"6":4,"7":20,"8":1,"9":1,"10":14,"11":6,"12":1,"13":2,"14":1,"15":3,"16":6,"17":6,"18":22,"19":16,"20":2,"21":4,"22":20}}
,"/Users/mike/Projects/valtio-fsm/src/index.ts": {"path":"/Users/mike/Projects/valtio-fsm/src/index.ts","all":true,"statementMap":{"0":{"start":{"line":1,"column":0},"end":{"line":1,"column":68}}},"s":{"0":0},"branchMap":{"0":{"type":"branch","line":1,"loc":{"start":{"line":1,"column":330},"end":{"line":16,"column":17}},"locations":[{"start":{"line":1,"column":330},"end":{"line":16,"column":17}}]}},"b":{"0":[0]},"fnMap":{"0":{"name":"(empty-report)","decl":{"start":{"line":1,"column":330},"end":{"line":16,"column":17}},"loc":{"start":{"line":1,"column":330},"end":{"line":16,"column":17}},"line":1}},"f":{"0":0}}
,"/Users/mike/Projects/valtio-fsm/src/types.ts": {"path":"/Users/mike/Projects/valtio-fsm/src/types.ts","all":true,"statementMap":{},"s":{},"branchMap":{"0":{"type":"branch","line":1,"loc":{"start":{"line":1,"column":4005},"end":{"line":141,"column":1}},"locations":[{"start":{"line":1,"column":4005},"end":{"line":141,"column":1}}]}},"b":{"0":[1]},"fnMap":{"0":{"name":"(empty-report)","decl":{"start":{"line":1,"column":4005},"end":{"line":141,"column":1}},"loc":{"start":{"line":1,"column":4005},"end":{"line":141,"column":1}},"line":1}},"f":{"0":1}}
}
